Tue May 01 2018 17:05:28 GMT-0400 (EDT): GET /about
Tue May 01 2018 17:05:31 GMT-0400 (EDT): GET /
Tue May 01 2018 17:05:34 GMT-0400 (EDT): GET /about
Tue May 01 2018 17:05:35 GMT-0400 (EDT): GET /
Tue May 01 2018 17:05:36 GMT-0400 (EDT): GET /about
Tue May 01 2018 17:05:36 GMT-0400 (EDT): GET /
Tue May 01 2018 17:05:38 GMT-0400 (EDT): GET /
Tue May 01 2018 17:05:38 GMT-0400 (EDT): GET /
Tue May 01 2018 17:05:39 GMT-0400 (EDT): GET /
Tue May 01 2018 17:05:39 GMT-0400 (EDT): GET /
Tue May 01 2018 17:05:39 GMT-0400 (EDT): GET /
Tue May 01 2018 17:06:24 GMT-0400 (EDT): GET /
Tue May 01 2018 17:06:27 GMT-0400 (EDT): GET /
Tue May 01 2018 17:06:29 GMT-0400 (EDT): GET /about
Tue May 01 2018 17:06:31 GMT-0400 (EDT): GET /
Tue May 01 2018 17:06:42 GMT-0400 (EDT): GET /
Tue May 01 2018 17:06:44 GMT-0400 (EDT): GET /
Tue May 01 2018 17:06:48 GMT-0400 (EDT): GET /
Tue May 01 2018 17:06:53 GMT-0400 (EDT): GET /
Tue May 01 2018 17:06:56 GMT-0400 (EDT): GET /about
Tue May 01 2018 17:06:57 GMT-0400 (EDT): GET /
Tue May 01 2018 17:06:58 GMT-0400 (EDT): GET /about
Tue May 01 2018 17:06:58 GMT-0400 (EDT): GET /
Tue May 01 2018 17:06:59 GMT-0400 (EDT): GET /about
Tue May 01 2018 17:06:59 GMT-0400 (EDT): GET /
Tue May 01 2018 17:07:00 GMT-0400 (EDT): GET /about
Tue May 01 2018 17:07:00 GMT-0400 (EDT): GET /
Tue May 01 2018 17:07:01 GMT-0400 (EDT): GET /about
Tue May 01 2018 17:07:02 GMT-0400 (EDT): GET /
Tue May 01 2018 17:07:02 GMT-0400 (EDT): GET /about
Tue May 01 2018 17:07:03 GMT-0400 (EDT): GET /
Tue May 01 2018 17:15:12 GMT-0400 (EDT): GET /
Tue May 01 2018 17:16:53 GMT-0400 (EDT): GET /
Tue May 01 2018 17:20:12 GMT-0400 (EDT): GET /
Tue May 01 2018 17:20:57 GMT-0400 (EDT): GET /
Tue May 01 2018 17:21:04 GMT-0400 (EDT): GET /
Tue May 01 2018 17:21:05 GMT-0400 (EDT): GET /about
Tue May 01 2018 17:22:53 GMT-0400 (EDT): GET /help.html
Tue May 01 2018 17:22:57 GMT-0400 (EDT): GET /about
Tue May 01 2018 17:23:14 GMT-0400 (EDT): GET /about
Tue May 01 2018 17:23:46 GMT-0400 (EDT): GET /about
Tue May 01 2018 17:24:52 GMT-0400 (EDT): GET /about
Tue May 01 2018 17:26:06 GMT-0400 (EDT): GET /about
Tue May 01 2018 17:26:08 GMT-0400 (EDT): GET /
Tue May 01 2018 17:26:10 GMT-0400 (EDT): GET /about
Tue May 01 2018 17:26:26 GMT-0400 (EDT): GET /help.html
Tue May 01 2018 20:02:26 GMT-0400 (EDT): GET /
Tue May 01 2018 20:02:32 GMT-0400 (EDT): GET /
Tue May 01 2018 20:02:41 GMT-0400 (EDT): GET /about
Tue May 01 2018 20:02:43 GMT-0400 (EDT): GET /about
Tue May 01 2018 20:02:44 GMT-0400 (EDT): GET /
Tue May 01 2018 20:02:45 GMT-0400 (EDT): GET /about
Tue May 01 2018 20:02:46 GMT-0400 (EDT): GET /
Tue May 01 2018 20:02:46 GMT-0400 (EDT): GET /about
Tue May 01 2018 20:02:47 GMT-0400 (EDT): GET /
Tue May 01 2018 20:02:48 GMT-0400 (EDT): GET /about
Tue May 01 2018 20:02:49 GMT-0400 (EDT): GET /
Tue May 01 2018 20:02:49 GMT-0400 (EDT): GET /
Tue May 01 2018 20:02:49 GMT-0400 (EDT): GET /
Tue May 01 2018 20:02:50 GMT-0400 (EDT): GET /
Tue May 01 2018 20:02:50 GMT-0400 (EDT): GET /
Tue May 01 2018 20:02:50 GMT-0400 (EDT): GET /about
Wed May 02 2018 22:04:31 GMT-0400 (EDT): GET /about
Wed May 02 2018 22:04:35 GMT-0400 (EDT): GET /account
Wed May 02 2018 22:06:16 GMT-0400 (EDT): GET /account
Wed May 02 2018 22:06:19 GMT-0400 (EDT): GET /account
Wed May 02 2018 22:06:22 GMT-0400 (EDT): GET /account
Thu May 03 2018 11:57:55 GMT-0400 (EDT): GET /
Thu May 03 2018 11:57:58 GMT-0400 (EDT): GET /
Thu May 03 2018 11:58:00 GMT-0400 (EDT): GET /about
Thu May 03 2018 11:58:03 GMT-0400 (EDT): GET /account
Thu May 03 2018 12:41:14 GMT-0400 (EDT): GET /account
Thu May 03 2018 12:41:21 GMT-0400 (EDT): GET /
Thu May 03 2018 12:41:24 GMT-0400 (EDT): GET /account
Thu May 03 2018 12:44:21 GMT-0400 (EDT): GET /
Thu May 03 2018 12:44:25 GMT-0400 (EDT): GET /account
Thu May 03 2018 12:44:53 GMT-0400 (EDT): GET /
Thu May 03 2018 12:44:54 GMT-0400 (EDT): GET /about
Thu May 03 2018 12:44:56 GMT-0400 (EDT): GET /account
Thu May 03 2018 12:45:55 GMT-0400 (EDT): GET /about
Thu May 03 2018 12:45:57 GMT-0400 (EDT): GET /signup
Thu May 03 2018 12:47:04 GMT-0400 (EDT): GET /signup
Thu May 03 2018 12:49:04 GMT-0400 (EDT): GET /signup
Thu May 03 2018 12:49:14 GMT-0400 (EDT): GET /
Thu May 03 2018 12:49:17 GMT-0400 (EDT): GET /signup
Thu May 03 2018 12:50:28 GMT-0400 (EDT): GET /signup
Thu May 03 2018 12:50:34 GMT-0400 (EDT): GET /signup
Thu May 03 2018 12:50:57 GMT-0400 (EDT): POST /
Thu May 03 2018 12:51:23 GMT-0400 (EDT): POST /
Thu May 03 2018 12:55:36 GMT-0400 (EDT): GET /home
Thu May 03 2018 12:55:47 GMT-0400 (EDT): GET /home
Thu May 03 2018 12:55:52 GMT-0400 (EDT): GET /home
Thu May 03 2018 12:55:57 GMT-0400 (EDT): GET /
Thu May 03 2018 12:56:00 GMT-0400 (EDT): GET /
Thu May 03 2018 12:56:02 GMT-0400 (EDT): GET /about
Thu May 03 2018 12:56:04 GMT-0400 (EDT): GET /
Thu May 03 2018 12:56:05 GMT-0400 (EDT): GET /about
Thu May 03 2018 12:56:07 GMT-0400 (EDT): GET /signup
Thu May 03 2018 12:56:37 GMT-0400 (EDT): GET /signup
Thu May 03 2018 12:57:00 GMT-0400 (EDT): POST /
Thu May 03 2018 13:01:45 GMT-0400 (EDT): GET /
Thu May 03 2018 13:01:48 GMT-0400 (EDT): GET /signup
Thu May 03 2018 13:02:03 GMT-0400 (EDT): POST /
Thu May 03 2018 13:03:35 GMT-0400 (EDT): GET /
Thu May 03 2018 13:03:39 GMT-0400 (EDT): GET /signup
Thu May 03 2018 13:03:53 GMT-0400 (EDT): POST /
Sun May 27 2018 20:33:10 GMT-0400 (EDT): GET /
Sun May 27 2018 20:33:19 GMT-0400 (EDT): GET /
Sun May 27 2018 20:33:21 GMT-0400 (EDT): GET /about
Sun May 27 2018 20:33:22 GMT-0400 (EDT): GET /signup
Sun May 27 2018 20:33:55 GMT-0400 (EDT): POST /
Sun May 27 2018 20:34:02 GMT-0400 (EDT): GET /signup
Sun May 27 2018 20:34:03 GMT-0400 (EDT): GET /about
Sun May 27 2018 20:34:03 GMT-0400 (EDT): GET /
